
[2026-07-04T19:47:32.974053]

REQUEST:
Metallica - One

WINNER:
75.90
Metallica - One (Studio Version) (HQ)

SECOND:
73.96
Metallica - One (HQ)

DIFFERENCE:
1.94

STATUS:
AMBIGUOUS

------------------------------------


[2026-07-04T19:47:39.260528]

REQUEST:
Pink Floyd - Comfortably Numb

WINNER:
85.40
Pink Floyd - Comfortably numb

SECOND:
81.62
Pink Floyd - "Comfortably Numb"

DIFFERENCE:
3.78

STATUS:
AMBIGUOUS

------------------------------------


[2026-07-04T19:47:40.246879]

REQUEST:
AC/DC - Thunderstruck

WINNER:
82.15
AC/DC - Thunderstruck

SECOND:
74.32
AC/DC - Thunderstruck 432 Hz

DIFFERENCE:
7.83

STATUS:
AMBIGUOUS

------------------------------------


[2026-07-04T22:10:30.378104]

REQUEST:
Metallica - One

WINNER:
75.90
Metallica - One (Studio Version) (HQ)

SECOND:
73.96
Metallica - One (HQ)

DIFFERENCE:
1.94

STATUS:
AMBIGUOUS

------------------------------------


[2026-07-04T22:10:36.827943]

REQUEST:
Pink Floyd - Comfortably Numb

WINNER:
85.40
Pink Floyd - Comfortably numb

SECOND:
81.62
Pink Floyd - "Comfortably Numb"

DIFFERENCE:
3.78

STATUS:
AMBIGUOUS

------------------------------------


[2026-07-04T22:10:37.783797]

REQUEST:
AC/DC - Thunderstruck

WINNER:
82.15
AC/DC - Thunderstruck

SECOND:
74.32
AC/DC - Thunderstruck 432 Hz

DIFFERENCE:
7.83

STATUS:
AMBIGUOUS

------------------------------------

